Using pre-set license
Built from '2020.3/staging' branch; Version is '2020.3.30f1 (1fb1bf06830e) revision 2077119'; Using compiler version '192528614'; Build Type 'Release'
OS: 'Windows 10  (10.0.19044) 64bit Professional' Language: 'tr' Physical Memory: 16257 MB
BatchMode: 1, IsHumanControllingUs: 0, StartBugReporterOnCrash: 0, Is64bit: 1, IsPro: 0

COMMAND LINE ARGUMENTS:
C:\Program Files\Unity\Hub\Editor\2020.3.30f1\Editor\Unity.exe
-adb2
-batchMode
-noUpm
-name
AssetImportWorker0
-projectPath
C:/Users/Kadir/Downloads/FlappyBird-AR (1)/FlappyBird-AR
-logFile
Logs/AssetImportWorker0.log
-srvPort
63528
Successfully changed project path to: C:/Users/Kadir/Downloads/FlappyBird-AR (1)/FlappyBird-AR
C:/Users/Kadir/Downloads/FlappyBird-AR (1)/FlappyBird-AR
Using Asset Import Pipeline V2.
Refreshing native plugins compatible for Editor in 74.01 ms, found 3 plugins.
Preloading 0 native plugins for Editor in 0.00 ms.
Initialize engine version: 2020.3.30f1 (1fb1bf06830e)
[Subsystems] Discovering subsystems at path C:/Program Files/Unity/Hub/Editor/2020.3.30f1/Editor/Data/Resources/UnitySubsystems
[Subsystems] Discovering subsystems at path C:/Users/Kadir/Downloads/FlappyBird-AR (1)/FlappyBird-AR/Assets
GfxDevice: creating device client; threaded=0
Direct3D:
    Version:  Direct3D 11.0 [level 11.1]
    Renderer: NVIDIA GeForce GTX 1050 (ID=0x1c8d)
    Vendor:   
    VRAM:     4021 MB
    Driver:   26.21.14.3165
Initialize mono
Mono path[0] = 'C:/Program Files/Unity/Hub/Editor/2020.3.30f1/Editor/Data/Managed'
Mono path[1] = 'C:/Program Files/Unity/Hub/Editor/2020.3.30f1/Editor/Data/MonoBleedingEdge/lib/mono/unityjit'
Mono config path = 'C:/Program Files/Unity/Hub/Editor/2020.3.30f1/Editor/Data/MonoBleedingEdge/etc'
Using monoOptions --debugger-agent=transport=dt_socket,embedding=1,server=y,suspend=n,address=127.0.0.1:56116
Begin MonoManager ReloadAssembly
Registering precompiled unity dll's ...
Register platform support module: C:/Program Files/Unity/Hub/Editor/2020.3.30f1/Editor/Data/PlaybackEngines/WebGLSupport/UnityEditor.WebGL.Extensions.dll
Register platform support module: C:/Program Files/Unity/Hub/Editor/2020.3.30f1/Editor/Data/PlaybackEngines/WindowsStandaloneSupport/UnityEditor.WindowsStandalone.Extensions.dll
Registered in 0.003609 seconds.
Native extension for WindowsStandalone target not found
Native extension for WebGL target not found
Refreshing native plugins compatible for Editor in 70.40 ms, found 3 plugins.
Preloading 0 native plugins for Editor in 0.00 ms.
Mono: successfully reloaded assembly
- Completed reload, in  1.027 seconds
Domain Reload Profiling:
	ReloadAssembly (1028ms)
		BeginReloadAssembly (82ms)
			ExecutionOrderSort (0ms)
			DisableScriptedObjects (0ms)
			BackupInstance (0ms)
			ReleaseScriptingObjects (0ms)
			CreateAndSetChildDomain (1ms)
		EndReloadAssembly (845ms)
			LoadAssemblies (79ms)
			RebuildTransferFunctionScriptingTraits (0ms)
			SetupTypeCache (235ms)
			ReleaseScriptCaches (0ms)
			RebuildScriptCaches (82ms)
			SetupLoadedEditorAssemblies (288ms)
				LogAssemblyErrors (0ms)
				InitializePlatformSupportModulesInManaged (11ms)
				SetLoadedEditorAssemblies (1ms)
				RefreshPlugins (71ms)
				BeforeProcessingInitializeOnLoad (17ms)
				ProcessInitializeOnLoadAttributes (141ms)
				ProcessInitializeOnLoadMethodAttributes (47ms)
				AfterProcessingInitializeOnLoad (0ms)
				EditorAssembliesLoaded (0ms)
			ExecutionOrderSort2 (0ms)
			AwakeInstancesAfterBackupRestoration (0ms)
Platform modules already initialized, skipping
Registering precompiled user dll's ...
Registered in 0.016756 seconds.
Begin MonoManager ReloadAssembly
Native extension for WindowsStandalone target not found
Native extension for WebGL target not found
Refreshing native plugins compatible for Editor in 0.56 ms, found 3 plugins.
Preloading 0 native plugins for Editor in 0.00 ms.
Mono: successfully reloaded assembly
- Completed reload, in  1.147 seconds
Domain Reload Profiling:
	ReloadAssembly (1148ms)
		BeginReloadAssembly (168ms)
			ExecutionOrderSort (0ms)
			DisableScriptedObjects (5ms)
			BackupInstance (0ms)
			ReleaseScriptingObjects (0ms)
			CreateAndSetChildDomain (20ms)
		EndReloadAssembly (920ms)
			LoadAssemblies (103ms)
			RebuildTransferFunctionScriptingTraits (0ms)
			SetupTypeCache (284ms)
			ReleaseScriptCaches (1ms)
			RebuildScriptCaches (54ms)
			SetupLoadedEditorAssemblies (377ms)
				LogAssemblyErrors (0ms)
				InitializePlatformSupportModulesInManaged (6ms)
				SetLoadedEditorAssemblies (0ms)
				RefreshPlugins (1ms)
				BeforeProcessingInitializeOnLoad (69ms)
				ProcessInitializeOnLoadAttributes (286ms)
				ProcessInitializeOnLoadMethodAttributes (8ms)
				AfterProcessingInitializeOnLoad (7ms)
				EditorAssembliesLoaded (0ms)
			ExecutionOrderSort2 (0ms)
			AwakeInstancesAfterBackupRestoration (6ms)
Platform modules already initialized, skipping
========================================================================
Worker process is ready to serve import requests
Launched and connected shader compiler UnityShaderCompiler.exe after 0.05 seconds
Refreshing native plugins compatible for Editor in 0.51 ms, found 3 plugins.
Preloading 0 native plugins for Editor in 0.00 ms.
Unloading 1942 Unused Serialized files (Serialized files now loaded: 0)
System memory in use before: 84.9 MB.
System memory in use after: 84.9 MB.

Unloading 36 unused Assets to reduce memory usage. Loaded Objects now: 2371.
Total: 3.158500 ms (FindLiveObjects: 0.168600 ms CreateObjectMapping: 0.064500 ms MarkObjects: 2.854100 ms  DeleteObjects: 0.070700 ms)

AssetImportParameters requested are different than current active one (requested -> active):
  custom:framework-win-MediaFoundation: 216162199b28c13a410421893ffa2e32 -> 
  custom:video-decoder-ogg-theora: a1e56fd34408186e4bbccfd4996cb3dc -> 
  custom:container-muxer-webm: aa71ff27fc2769a1b78a27578f13a17b -> 
  custom:container-demuxer-webm: 4f35f7cbe854078d1ac9338744f61a02 -> 
  custom:container-demuxer-ogg: 62fdf1f143b41e24485cea50d1cbac27 -> 
  custom:video-encoder-webm-vp8: eb34c28f22e8b96e1ab97ce403110664 -> 
  custom:video-decoder-webm-vp8: 9c59270c3fd7afecdb556c50c9e8de78 -> 
  custom:audio-decoder-ogg-vorbis: bf7c407c2cedff20999df2af8eb42d56 -> 
  custom:audio-encoder-webm-vorbis: bf7c407c2cedff20999df2af8eb42d56 -> 
========================================================================
Received Import Request.
  path: Assets/FaceRender.renderTexture
  artifactKey: Guid(2d781f0fad373fe40a7192d4f73768c4) Importer(815301076,1909f56bfc062723c751e8b465ee728b)
Start importing Assets/FaceRender.renderTexture using Guid(2d781f0fad373fe40a7192d4f73768c4) Importer(815301076,1909f56bfc062723c751e8b465ee728b)  -> (artifact id: '2313bd5c1d63ef530f1fe61a82c9088b') in 0.097214 seconds 
========================================================================
Received Import Request.
  Time since last request: 36.946379 seconds.
  path: Assets/_Scripts
  artifactKey: Guid(8b9121096161f9a438178feb37bf2695) Importer(815301076,1909f56bfc062723c751e8b465ee728b)
Start importing Assets/_Scripts using Guid(8b9121096161f9a438178feb37bf2695) Importer(815301076,1909f56bfc062723c751e8b465ee728b)  -> (artifact id: 'e9640d42d6b7f3661e7526ede7a01913') in 0.007153 seconds 
========================================================================
Received Prepare
Registering precompiled user dll's ...
Registered in 0.006544 seconds.
Begin MonoManager ReloadAssembly
Native extension for WindowsStandalone target not found
Native extension for WebGL target not found
Refreshing native plugins compatible for Editor in 0.55 ms, found 3 plugins.
Preloading 0 native plugins for Editor in 0.00 ms.
Mono: successfully reloaded assembly
- Completed reload, in  1.285 seconds
Domain Reload Profiling:
	ReloadAssembly (1286ms)
		BeginReloadAssembly (124ms)
			ExecutionOrderSort (0ms)
			DisableScriptedObjects (4ms)
			BackupInstance (0ms)
			ReleaseScriptingObjects (0ms)
			CreateAndSetChildDomain (34ms)
		EndReloadAssembly (1085ms)
			LoadAssemblies (113ms)
			RebuildTransferFunctionScriptingTraits (0ms)
			SetupTypeCache (301ms)
			ReleaseScriptCaches (1ms)
			RebuildScriptCaches (59ms)
			SetupLoadedEditorAssemblies (369ms)
				LogAssemblyErrors (0ms)
				InitializePlatformSupportModulesInManaged (6ms)
				SetLoadedEditorAssemblies (1ms)
				RefreshPlugins (1ms)
				BeforeProcessingInitializeOnLoad (75ms)
				ProcessInitializeOnLoadAttributes (266ms)
				ProcessInitializeOnLoadMethodAttributes (12ms)
				AfterProcessingInitializeOnLoad (9ms)
				EditorAssembliesLoaded (0ms)
			ExecutionOrderSort2 (0ms)
			AwakeInstancesAfterBackupRestoration (8ms)
Platform modules already initialized, skipping
Refreshing native plugins compatible for Editor in 0.71 ms, found 3 plugins.
Preloading 0 native plugins for Editor in 0.00 ms.
Unloading 1913 Unused Serialized files (Serialized files now loaded: 0)
System memory in use before: 85.3 MB.
System memory in use after: 85.4 MB.

Unloading 31 unused Assets to reduce memory usage. Loaded Objects now: 2379.
Total: 2.945900 ms (FindLiveObjects: 0.157800 ms CreateObjectMapping: 0.059200 ms MarkObjects: 2.704500 ms  DeleteObjects: 0.023700 ms)

AssetImportParameters requested are different than current active one (requested -> active):
  custom:framework-win-MediaFoundation: 216162199b28c13a410421893ffa2e32 -> 
  custom:video-decoder-ogg-theora: a1e56fd34408186e4bbccfd4996cb3dc -> 
  custom:container-muxer-webm: aa71ff27fc2769a1b78a27578f13a17b -> 
  custom:container-demuxer-webm: 4f35f7cbe854078d1ac9338744f61a02 -> 
  custom:container-demuxer-ogg: 62fdf1f143b41e24485cea50d1cbac27 -> 
  custom:video-encoder-webm-vp8: eb34c28f22e8b96e1ab97ce403110664 -> 
  custom:video-decoder-webm-vp8: 9c59270c3fd7afecdb556c50c9e8de78 -> 
  custom:audio-decoder-ogg-vorbis: bf7c407c2cedff20999df2af8eb42d56 -> 
  custom:audio-encoder-webm-vorbis: bf7c407c2cedff20999df2af8eb42d56 -> 
========================================================================
Received Import Request.
  Time since last request: 343.980923 seconds.
  path: Assets/_Scripts/CanvasManager.cs
  artifactKey: Guid(b906b95bba7125241b78889e9433eba5) Importer(815301076,1909f56bfc062723c751e8b465ee728b)
Start importing Assets/_Scripts/CanvasManager.cs using Guid(b906b95bba7125241b78889e9433eba5) Importer(815301076,1909f56bfc062723c751e8b465ee728b)  -> (artifact id: '6ebd96e061b46d5a054989e9ec489220') in 0.027830 seconds 
========================================================================
Received Import Request.
  Time since last request: 2.079749 seconds.
  path: Assets/_Scripts/CollisionDetection.cs
  artifactKey: Guid(99d34b757c4945e4a82e8aa49f17a5c9) Importer(815301076,1909f56bfc062723c751e8b465ee728b)
Start importing Assets/_Scripts/CollisionDetection.cs using Guid(99d34b757c4945e4a82e8aa49f17a5c9) Importer(815301076,1909f56bfc062723c751e8b465ee728b)  -> (artifact id: '2b5a2c6dfbb24e775332f1094bd70d37') in 0.010063 seconds 
========================================================================
Received Import Request.
  Time since last request: 79.846634 seconds.
  path: Assets/_Scripts/FaceOrientation.cs
  artifactKey: Guid(681a821a0ae23204988fd26ade0c76f9) Importer(815301076,1909f56bfc062723c751e8b465ee728b)
Start importing Assets/_Scripts/FaceOrientation.cs using Guid(681a821a0ae23204988fd26ade0c76f9) Importer(815301076,1909f56bfc062723c751e8b465ee728b)  -> (artifact id: 'b1a11d7fafb4376194c01aee63660cab') in 0.013066 seconds 
========================================================================
Received Import Request.
  Time since last request: 36.168581 seconds.
  path: Assets/_Scripts/GameController.cs
  artifactKey: Guid(a1322ab33046b704ea63808288b8c7df) Importer(815301076,1909f56bfc062723c751e8b465ee728b)
Start importing Assets/_Scripts/GameController.cs using Guid(a1322ab33046b704ea63808288b8c7df) Importer(815301076,1909f56bfc062723c751e8b465ee728b)  -> (artifact id: 'c4698a5c9dbd645a8f9fbe4ff63ec81a') in 0.010842 seconds 
========================================================================
Received Import Request.
  Time since last request: 15.206812 seconds.
  path: Assets/_Scripts/GameOverScript.cs
  artifactKey: Guid(622dd72db02323a4cabb69d4a914c970) Importer(815301076,1909f56bfc062723c751e8b465ee728b)
Start importing Assets/_Scripts/GameOverScript.cs using Guid(622dd72db02323a4cabb69d4a914c970) Importer(815301076,1909f56bfc062723c751e8b465ee728b)  -> (artifact id: '02cd1223e0eec800a03159e3d348b4ad') in 0.010259 seconds 
========================================================================
Received Import Request.
  Time since last request: 16.037035 seconds.
  path: Assets/_Scripts/HurdleController.cs
  artifactKey: Guid(9ee932595c0bc604389983cc55c3d721) Importer(815301076,1909f56bfc062723c751e8b465ee728b)
Start importing Assets/_Scripts/HurdleController.cs using Guid(9ee932595c0bc604389983cc55c3d721) Importer(815301076,1909f56bfc062723c751e8b465ee728b)  -> (artifact id: 'ec508ace21901f0b71ee96ea02f52b6c') in 0.009474 seconds 
========================================================================
Received Import Request.
  Time since last request: 26.721207 seconds.
  path: Assets/_Scripts/Movement.cs
  artifactKey: Guid(59ebf6a2de150464bb0f13024ad972aa) Importer(815301076,1909f56bfc062723c751e8b465ee728b)
Start importing Assets/_Scripts/Movement.cs using Guid(59ebf6a2de150464bb0f13024ad972aa) Importer(815301076,1909f56bfc062723c751e8b465ee728b)  -> (artifact id: '3c19527607492084cab5c12f4a761f1a') in 0.013012 seconds 
========================================================================
Received Import Request.
  Time since last request: 13.683996 seconds.
  path: Assets/_Scripts/PipeSetup.cs
  artifactKey: Guid(3d4ccc332ae68344c94500a884caffe4) Importer(815301076,1909f56bfc062723c751e8b465ee728b)
Start importing Assets/_Scripts/PipeSetup.cs using Guid(3d4ccc332ae68344c94500a884caffe4) Importer(815301076,1909f56bfc062723c751e8b465ee728b)  -> (artifact id: '52a3eadfb10ab21eeec7a0f0b1e2b4f8') in 0.012282 seconds 
========================================================================
Received Import Request.
  Time since last request: 10.982408 seconds.
  path: Assets/_Scripts/Player.cs
  artifactKey: Guid(65fc7e9b771782f4086ea1044591d0cd) Importer(815301076,1909f56bfc062723c751e8b465ee728b)
Start importing Assets/_Scripts/Player.cs using Guid(65fc7e9b771782f4086ea1044591d0cd) Importer(815301076,1909f56bfc062723c751e8b465ee728b)  -> (artifact id: '2ed9381ebb111b2d2d9b212e8171cbb6') in 0.012656 seconds 
========================================================================
Received Import Request.
  Time since last request: 1.055725 seconds.
  path: Assets/_Scripts/PlayerController.cs
  artifactKey: Guid(a2563dc1f1251d8459e3986da19fdccc) Importer(815301076,1909f56bfc062723c751e8b465ee728b)
Start importing Assets/_Scripts/PlayerController.cs using Guid(a2563dc1f1251d8459e3986da19fdccc) Importer(815301076,1909f56bfc062723c751e8b465ee728b)  -> (artifact id: '08d3ac762acc8f53a63536c48329771a') in 0.009945 seconds 
AssetImportWorkerClient::OnTransportError - code=2 error=End of file
